2018-01-31 13:10:45,130 INFO o.a.j.u.JMeterUtils: Setting Locale to en_US
2018-01-31 13:10:45,715 INFO o.a.j.JMeter: Loading user properties from: user.properties
2018-01-31 13:10:45,780 INFO o.a.j.JMeter: Loading system properties from: system.properties
2018-01-31 13:10:45,781 INFO o.a.j.JMeter: Setting System property: java.rmi.server.hostname=172.31.36.207
2018-01-31 13:10:45,867 INFO o.a.j.JMeter: Copyright (c) 1998-2017 The Apache Software Foundation
2018-01-31 13:10:45,867 INFO o.a.j.JMeter: Version 3.3 r1808647
2018-01-31 13:10:45,867 INFO o.a.j.JMeter: java.version=1.8.0_141
2018-01-31 13:10:45,867 INFO o.a.j.JMeter: java.vm.name=Java HotSpot(TM) 64-Bit Server VM
2018-01-31 13:10:45,867 INFO o.a.j.JMeter: os.name=Windows Server 2016
2018-01-31 13:10:45,867 INFO o.a.j.JMeter: os.arch=amd64
2018-01-31 13:10:45,867 INFO o.a.j.JMeter: os.version=10.0
2018-01-31 13:10:45,867 INFO o.a.j.JMeter: file.encoding=Cp1252
2018-01-31 13:10:45,867 INFO o.a.j.JMeter: Max memory     =536870912
2018-01-31 13:10:45,868 INFO o.a.j.JMeter: Available Processors =1
2018-01-31 13:10:45,987 INFO o.a.j.JMeter: Default Locale=English (United States)
2018-01-31 13:10:45,987 INFO o.a.j.JMeter: JMeter  Locale=English (United States)
2018-01-31 13:10:45,988 INFO o.a.j.JMeter: JMeterHome=C:\Users\Administrator\Documents\apache-jmeter-3.3
2018-01-31 13:10:45,988 INFO o.a.j.JMeter: user.dir  =C:\Users\Administrator\Documents\apache-jmeter-3.3\bin
2018-01-31 13:10:45,988 INFO o.a.j.JMeter: PWD       =C:\Users\Administrator\Documents\apache-jmeter-3.3\bin
2018-01-31 13:10:46,068 INFO o.a.j.JMeter: IP: 172.31.36.207 Name: EC2AMAZ-TKQOJEL FullName: 172.31.36.207
2018-01-31 13:10:47,555 INFO o.a.j.e.RemoteJMeterEngineImpl: Starting backing engine on 1099
2018-01-31 13:10:47,555 INFO o.a.j.e.RemoteJMeterEngineImpl: Resolving by name the value of System property 'java.rmi.server.hostname': 172.31.36.207
2018-01-31 13:10:47,588 INFO o.a.j.e.RemoteJMeterEngineImpl: Local IP address=172.31.36.207
2018-01-31 13:10:47,588 INFO o.a.j.e.RemoteJMeterEngineImpl: IP address is a site-local address; this may cause problems with remote access.
	Can be overridden by defining the system property 'java.rmi.server.hostname' - see jmeter-server script file
2018-01-31 13:10:47,588 INFO o.a.j.e.RemoteJMeterEngineImpl: Creating RMI registry (server.rmi.create=true)
2018-01-31 13:10:47,717 INFO o.a.j.e.RemoteJMeterEngineImpl: Bound to registry on port 1099
2018-01-31 13:20:53,382 INFO o.a.j.s.SampleEvent: List of sample_variables: []
2018-01-31 13:20:53,545 INFO o.a.j.s.StandardSampleSender: Using StandardSampleSender for this test run
2018-01-31 13:20:54,160 INFO o.a.j.s.StandardSampleSender: Using StandardSampleSender for this test run
2018-01-31 13:20:54,779 INFO o.a.j.s.SampleResult: Note: Sample TimeStamps are START times
2018-01-31 13:20:54,819 INFO o.a.j.s.SampleResult: sampleresult.default.encoding is set to ISO-8859-1
2018-01-31 13:20:54,819 INFO o.a.j.s.SampleResult: sampleresult.useNanoTime=true
2018-01-31 13:20:54,819 INFO o.a.j.s.SampleResult: sampleresult.nanoThreadSleep=5000
2018-01-31 13:20:55,616 INFO o.a.j.e.RemoteJMeterEngineImpl: Creating JMeter engine on host 18.216.241.104 base '.'
2018-01-31 13:20:55,616 INFO o.a.j.e.RemoteJMeterEngineImpl: Remote client host: 172.31.36.207
2018-01-31 13:20:55,656 INFO o.a.j.s.FileServer: Default base='C:\Users\Administrator\Documents\apache-jmeter-3.3\bin'
2018-01-31 13:20:55,656 INFO o.a.j.s.FileServer: Set new base='.'
2018-01-31 13:20:55,763 INFO o.a.j.e.StandardJMeterEngine: Applying properties {count=1, users=5, rampUp=0}
2018-01-31 13:20:55,800 INFO o.a.j.e.RemoteJMeterEngineImpl: Running test
2018-01-31 13:20:55,964 INFO o.a.j.e.StandardJMeterEngine: Running the test!
2018-01-31 13:20:55,964 INFO o.a.j.s.SampleEvent: List of sample_variables: []
2018-01-31 13:20:56,045 INFO o.a.j.e.u.CompoundVariable: Note: Function class names must contain the string: '.functions.'
2018-01-31 13:20:56,045 INFO o.a.j.e.u.CompoundVariable: Note: Function class names must not contain the string: '.gui.'
2018-01-31 13:21:13,115 INFO o.a.j.e.StandardJMeterEngine: Starting ThreadGroup: 1 : Thread Group
2018-01-31 13:21:13,116 INFO o.a.j.e.StandardJMeterEngine: Starting 5 threads for group Thread Group.
2018-01-31 13:21:13,116 INFO o.a.j.e.StandardJMeterEngine: Thread will continue on error
2018-01-31 13:21:13,116 INFO o.a.j.t.ThreadGroup: Starting thread group... number=1 threads=5 ramp-up=0 perThread=0.0 delayedStart=false
2018-01-31 13:21:14,385 INFO o.a.j.t.ThreadGroup: Started thread group number 1
2018-01-31 13:21:14,385 INFO o.a.j.e.StandardJMeterEngine: All thread groups have been started
2018-01-31 13:21:18,006 INFO o.a.j.t.JMeterThread: Thread started: Thread Group 1-3
2018-01-31 13:21:18,196 INFO o.a.j.t.JMeterThread: Thread started: Thread Group 1-4
2018-01-31 13:21:18,235 INFO o.a.j.t.JMeterThread: Thread started: Thread Group 1-5
2018-01-31 13:21:18,275 INFO o.a.j.t.JMeterThread: Thread started: Thread Group 1-1
2018-01-31 13:21:18,276 INFO o.a.j.t.JMeterThread: Thread started: Thread Group 1-2
2018-01-31 13:21:40,124 ERROR o.a.j.t.JMeterThread: Test failed!
java.lang.IllegalStateException: The process has not exited yet therefore no result is available ...
	at org.apache.commons.exec.DefaultExecuteResultHandler.getException(DefaultExecuteResultHandler.java:76) ~[tika-app-1.17.jar:1.17]
	at org.openqa.selenium.os.UnixProcess.checkForError(UnixProcess.java:171) ~[selenium-remote-driver-2.52.0%20-%20Copy.jar:?]
	at org.openqa.selenium.os.CommandLine.checkForError(CommandLine.java:185) ~[selenium-remote-driver-2.52.0%20-%20Copy.jar:?]
	at org.openqa.selenium.remote.service.DriverService.waitUntilAvailable(DriverService.java:177) ~[selenium-remote-driver-2.52.0%20-%20Copy.jar:?]
	at org.openqa.selenium.remote.service.DriverService.start(DriverService.java:166) ~[selenium-remote-driver-2.52.0%20-%20Copy.jar:?]
	at com.googlecode.jmeter.plugins.webdriver.config.ChromeDriverConfig.getThreadService(ChromeDriverConfig.java:80) ~[jmeter-plugins-webdriver-1.4.0%20-%20Copy.jar:?]
	at com.googlecode.jmeter.plugins.webdriver.config.ChromeDriverConfig.createBrowser(ChromeDriverConfig.java:60) ~[jmeter-plugins-webdriver-1.4.0%20-%20Copy.jar:?]
	at com.googlecode.jmeter.plugins.webdriver.config.ChromeDriverConfig.createBrowser(ChromeDriverConfig.java:21) ~[jmeter-plugins-webdriver-1.4.0%20-%20Copy.jar:?]
	at com.googlecode.jmeter.plugins.webdriver.config.WebDriverConfig.getPreparedBrowser(WebDriverConfig.java:233) ~[jmeter-plugins-webdriver-1.4.0%20-%20Copy.jar:?]
	at com.googlecode.jmeter.plugins.webdriver.config.WebDriverConfig.threadStarted(WebDriverConfig.java:220) ~[jmeter-plugins-webdriver-1.4.0%20-%20Copy.jar:?]
	at org.apache.jmeter.threads.JMeterThread$ThreadListenerTraverser.addNode(JMeterThread.java:683) ~[ApacheJMeter_core%20-%20Copy.jar:3.3 r1808647]
	at org.apache.jorphan.collections.HashTree.traverseInto(HashTree.java:996) ~[jorphan.jar:3.3 r1808647]
	at org.apache.jorphan.collections.HashTree.traverseInto(HashTree.java:997) ~[jorphan.jar:3.3 r1808647]
	at org.apache.jorphan.collections.HashTree.traverse(HashTree.java:978) ~[jorphan.jar:3.3 r1808647]
	at org.apache.jmeter.threads.JMeterThread.threadStarted(JMeterThread.java:652) ~[ApacheJMeter_core%20-%20Copy.jar:3.3 r1808647]
	at org.apache.jmeter.threads.JMeterThread.initRun(JMeterThread.java:640) ~[ApacheJMeter_core%20-%20Copy.jar:3.3 r1808647]
	at org.apache.jmeter.threads.JMeterThread.run(JMeterThread.java:251) [ApacheJMeter_core%20-%20Copy.jar:3.3 r1808647]
	at java.lang.Thread.run(Unknown Source) [?:1.8.0_141]
2018-01-31 13:21:40,167 INFO o.a.j.t.JMeterThread: Thread finished: Thread Group 1-1
2018-01-31 13:21:40,414 ERROR o.a.j.t.JMeterThread: Test failed!
java.lang.IllegalStateException: The process has not exited yet therefore no result is available ...
	at org.apache.commons.exec.DefaultExecuteResultHandler.getException(DefaultExecuteResultHandler.java:76) ~[tika-app-1.17.jar:1.17]
	at org.openqa.selenium.os.UnixProcess.checkForError(UnixProcess.java:171) ~[selenium-remote-driver-2.52.0%20-%20Copy.jar:?]
	at org.openqa.selenium.os.CommandLine.checkForError(CommandLine.java:185) ~[selenium-remote-driver-2.52.0%20-%20Copy.jar:?]
	at org.openqa.selenium.remote.service.DriverService.waitUntilAvailable(DriverService.java:177) ~[selenium-remote-driver-2.52.0%20-%20Copy.jar:?]
	at org.openqa.selenium.remote.service.DriverService.start(DriverService.java:166) ~[selenium-remote-driver-2.52.0%20-%20Copy.jar:?]
	at com.googlecode.jmeter.plugins.webdriver.config.ChromeDriverConfig.getThreadService(ChromeDriverConfig.java:80) ~[jmeter-plugins-webdriver-1.4.0%20-%20Copy.jar:?]
	at com.googlecode.jmeter.plugins.webdriver.config.ChromeDriverConfig.createBrowser(ChromeDriverConfig.java:60) ~[jmeter-plugins-webdriver-1.4.0%20-%20Copy.jar:?]
	at com.googlecode.jmeter.plugins.webdriver.config.ChromeDriverConfig.createBrowser(ChromeDriverConfig.java:21) ~[jmeter-plugins-webdriver-1.4.0%20-%20Copy.jar:?]
	at com.googlecode.jmeter.plugins.webdriver.config.WebDriverConfig.getPreparedBrowser(WebDriverConfig.java:233) ~[jmeter-plugins-webdriver-1.4.0%20-%20Copy.jar:?]
	at com.googlecode.jmeter.plugins.webdriver.config.WebDriverConfig.threadStarted(WebDriverConfig.java:220) ~[jmeter-plugins-webdriver-1.4.0%20-%20Copy.jar:?]
	at org.apache.jmeter.threads.JMeterThread$ThreadListenerTraverser.addNode(JMeterThread.java:683) ~[ApacheJMeter_core%20-%20Copy.jar:3.3 r1808647]
	at org.apache.jorphan.collections.HashTree.traverseInto(HashTree.java:996) ~[jorphan.jar:3.3 r1808647]
	at org.apache.jorphan.collections.HashTree.traverseInto(HashTree.java:997) ~[jorphan.jar:3.3 r1808647]
	at org.apache.jorphan.collections.HashTree.traverse(HashTree.java:978) ~[jorphan.jar:3.3 r1808647]
	at org.apache.jmeter.threads.JMeterThread.threadStarted(JMeterThread.java:652) ~[ApacheJMeter_core%20-%20Copy.jar:3.3 r1808647]
	at org.apache.jmeter.threads.JMeterThread.initRun(JMeterThread.java:640) ~[ApacheJMeter_core%20-%20Copy.jar:3.3 r1808647]
	at org.apache.jmeter.threads.JMeterThread.run(JMeterThread.java:251) [ApacheJMeter_core%20-%20Copy.jar:3.3 r1808647]
	at java.lang.Thread.run(Unknown Source) [?:1.8.0_141]
2018-01-31 13:21:40,414 INFO o.a.j.t.JMeterThread: Thread finished: Thread Group 1-2
2018-01-31 13:21:40,453 ERROR o.a.j.t.JMeterThread: Test failed!
java.lang.IllegalStateException: The process has not exited yet therefore no result is available ...
	at org.apache.commons.exec.DefaultExecuteResultHandler.getException(DefaultExecuteResultHandler.java:76) ~[tika-app-1.17.jar:1.17]
	at org.openqa.selenium.os.UnixProcess.checkForError(UnixProcess.java:171) ~[selenium-remote-driver-2.52.0%20-%20Copy.jar:?]
	at org.openqa.selenium.os.CommandLine.checkForError(CommandLine.java:185) ~[selenium-remote-driver-2.52.0%20-%20Copy.jar:?]
	at org.openqa.selenium.remote.service.DriverService.waitUntilAvailable(DriverService.java:177) ~[selenium-remote-driver-2.52.0%20-%20Copy.jar:?]
	at org.openqa.selenium.remote.service.DriverService.start(DriverService.java:166) ~[selenium-remote-driver-2.52.0%20-%20Copy.jar:?]
	at com.googlecode.jmeter.plugins.webdriver.config.ChromeDriverConfig.getThreadService(ChromeDriverConfig.java:80) ~[jmeter-plugins-webdriver-1.4.0%20-%20Copy.jar:?]
	at com.googlecode.jmeter.plugins.webdriver.config.ChromeDriverConfig.createBrowser(ChromeDriverConfig.java:60) ~[jmeter-plugins-webdriver-1.4.0%20-%20Copy.jar:?]
	at com.googlecode.jmeter.plugins.webdriver.config.ChromeDriverConfig.createBrowser(ChromeDriverConfig.java:21) ~[jmeter-plugins-webdriver-1.4.0%20-%20Copy.jar:?]
	at com.googlecode.jmeter.plugins.webdriver.config.WebDriverConfig.getPreparedBrowser(WebDriverConfig.java:233) ~[jmeter-plugins-webdriver-1.4.0%20-%20Copy.jar:?]
	at com.googlecode.jmeter.plugins.webdriver.config.WebDriverConfig.threadStarted(WebDriverConfig.java:220) ~[jmeter-plugins-webdriver-1.4.0%20-%20Copy.jar:?]
	at org.apache.jmeter.threads.JMeterThread$ThreadListenerTraverser.addNode(JMeterThread.java:683) ~[ApacheJMeter_core%20-%20Copy.jar:3.3 r1808647]
	at org.apache.jorphan.collections.HashTree.traverseInto(HashTree.java:996) ~[jorphan.jar:3.3 r1808647]
	at org.apache.jorphan.collections.HashTree.traverseInto(HashTree.java:997) ~[jorphan.jar:3.3 r1808647]
	at org.apache.jorphan.collections.HashTree.traverse(HashTree.java:978) ~[jorphan.jar:3.3 r1808647]
	at org.apache.jmeter.threads.JMeterThread.threadStarted(JMeterThread.java:652) ~[ApacheJMeter_core%20-%20Copy.jar:3.3 r1808647]
	at org.apache.jmeter.threads.JMeterThread.initRun(JMeterThread.java:640) ~[ApacheJMeter_core%20-%20Copy.jar:3.3 r1808647]
	at org.apache.jmeter.threads.JMeterThread.run(JMeterThread.java:251) [ApacheJMeter_core%20-%20Copy.jar:3.3 r1808647]
	at java.lang.Thread.run(Unknown Source) [?:1.8.0_141]
2018-01-31 13:21:40,497 INFO o.a.j.t.JMeterThread: Thread finished: Thread Group 1-4
2018-01-31 13:21:40,908 ERROR o.a.j.t.JMeterThread: Test failed!
java.lang.IllegalStateException: The process has not exited yet therefore no result is available ...
	at org.apache.commons.exec.DefaultExecuteResultHandler.getException(DefaultExecuteResultHandler.java:76) ~[tika-app-1.17.jar:1.17]
	at org.openqa.selenium.os.UnixProcess.checkForError(UnixProcess.java:171) ~[selenium-remote-driver-2.52.0%20-%20Copy.jar:?]
	at org.openqa.selenium.os.CommandLine.checkForError(CommandLine.java:185) ~[selenium-remote-driver-2.52.0%20-%20Copy.jar:?]
	at org.openqa.selenium.remote.service.DriverService.waitUntilAvailable(DriverService.java:177) ~[selenium-remote-driver-2.52.0%20-%20Copy.jar:?]
	at org.openqa.selenium.remote.service.DriverService.start(DriverService.java:166) ~[selenium-remote-driver-2.52.0%20-%20Copy.jar:?]
	at com.googlecode.jmeter.plugins.webdriver.config.ChromeDriverConfig.getThreadService(ChromeDriverConfig.java:80) ~[jmeter-plugins-webdriver-1.4.0%20-%20Copy.jar:?]
	at com.googlecode.jmeter.plugins.webdriver.config.ChromeDriverConfig.createBrowser(ChromeDriverConfig.java:60) ~[jmeter-plugins-webdriver-1.4.0%20-%20Copy.jar:?]
	at com.googlecode.jmeter.plugins.webdriver.config.ChromeDriverConfig.createBrowser(ChromeDriverConfig.java:21) ~[jmeter-plugins-webdriver-1.4.0%20-%20Copy.jar:?]
	at com.googlecode.jmeter.plugins.webdriver.config.WebDriverConfig.getPreparedBrowser(WebDriverConfig.java:233) ~[jmeter-plugins-webdriver-1.4.0%20-%20Copy.jar:?]
	at com.googlecode.jmeter.plugins.webdriver.config.WebDriverConfig.threadStarted(WebDriverConfig.java:220) ~[jmeter-plugins-webdriver-1.4.0%20-%20Copy.jar:?]
	at org.apache.jmeter.threads.JMeterThread$ThreadListenerTraverser.addNode(JMeterThread.java:683) ~[ApacheJMeter_core%20-%20Copy.jar:3.3 r1808647]
	at org.apache.jorphan.collections.HashTree.traverseInto(HashTree.java:996) ~[jorphan.jar:3.3 r1808647]
	at org.apache.jorphan.collections.HashTree.traverseInto(HashTree.java:997) ~[jorphan.jar:3.3 r1808647]
	at org.apache.jorphan.collections.HashTree.traverse(HashTree.java:978) ~[jorphan.jar:3.3 r1808647]
	at org.apache.jmeter.threads.JMeterThread.threadStarted(JMeterThread.java:652) ~[ApacheJMeter_core%20-%20Copy.jar:3.3 r1808647]
	at org.apache.jmeter.threads.JMeterThread.initRun(JMeterThread.java:640) ~[ApacheJMeter_core%20-%20Copy.jar:3.3 r1808647]
	at org.apache.jmeter.threads.JMeterThread.run(JMeterThread.java:251) [ApacheJMeter_core%20-%20Copy.jar:3.3 r1808647]
	at java.lang.Thread.run(Unknown Source) [?:1.8.0_141]
2018-01-31 13:21:40,910 INFO o.a.j.t.JMeterThread: Thread finished: Thread Group 1-3
2018-01-31 13:21:40,948 ERROR o.a.j.t.JMeterThread: Test failed!
java.lang.IllegalStateException: The process has not exited yet therefore no result is available ...
	at org.apache.commons.exec.DefaultExecuteResultHandler.getException(DefaultExecuteResultHandler.java:76) ~[tika-app-1.17.jar:1.17]
	at org.openqa.selenium.os.UnixProcess.checkForError(UnixProcess.java:171) ~[selenium-remote-driver-2.52.0%20-%20Copy.jar:?]
	at org.openqa.selenium.os.CommandLine.checkForError(CommandLine.java:185) ~[selenium-remote-driver-2.52.0%20-%20Copy.jar:?]
	at org.openqa.selenium.remote.service.DriverService.waitUntilAvailable(DriverService.java:177) ~[selenium-remote-driver-2.52.0%20-%20Copy.jar:?]
	at org.openqa.selenium.remote.service.DriverService.start(DriverService.java:166) ~[selenium-remote-driver-2.52.0%20-%20Copy.jar:?]
	at com.googlecode.jmeter.plugins.webdriver.config.ChromeDriverConfig.getThreadService(ChromeDriverConfig.java:80) ~[jmeter-plugins-webdriver-1.4.0%20-%20Copy.jar:?]
	at com.googlecode.jmeter.plugins.webdriver.config.ChromeDriverConfig.createBrowser(ChromeDriverConfig.java:60) ~[jmeter-plugins-webdriver-1.4.0%20-%20Copy.jar:?]
	at com.googlecode.jmeter.plugins.webdriver.config.ChromeDriverConfig.createBrowser(ChromeDriverConfig.java:21) ~[jmeter-plugins-webdriver-1.4.0%20-%20Copy.jar:?]
	at com.googlecode.jmeter.plugins.webdriver.config.WebDriverConfig.getPreparedBrowser(WebDriverConfig.java:233) ~[jmeter-plugins-webdriver-1.4.0%20-%20Copy.jar:?]
	at com.googlecode.jmeter.plugins.webdriver.config.WebDriverConfig.threadStarted(WebDriverConfig.java:220) ~[jmeter-plugins-webdriver-1.4.0%20-%20Copy.jar:?]
	at org.apache.jmeter.threads.JMeterThread$ThreadListenerTraverser.addNode(JMeterThread.java:683) ~[ApacheJMeter_core%20-%20Copy.jar:3.3 r1808647]
	at org.apache.jorphan.collections.HashTree.traverseInto(HashTree.java:996) ~[jorphan.jar:3.3 r1808647]
	at org.apache.jorphan.collections.HashTree.traverseInto(HashTree.java:997) ~[jorphan.jar:3.3 r1808647]
	at org.apache.jorphan.collections.HashTree.traverse(HashTree.java:978) ~[jorphan.jar:3.3 r1808647]
	at org.apache.jmeter.threads.JMeterThread.threadStarted(JMeterThread.java:652) ~[ApacheJMeter_core%20-%20Copy.jar:3.3 r1808647]
	at org.apache.jmeter.threads.JMeterThread.initRun(JMeterThread.java:640) ~[ApacheJMeter_core%20-%20Copy.jar:3.3 r1808647]
	at org.apache.jmeter.threads.JMeterThread.run(JMeterThread.java:251) [ApacheJMeter_core%20-%20Copy.jar:3.3 r1808647]
	at java.lang.Thread.run(Unknown Source) [?:1.8.0_141]
2018-01-31 13:21:40,948 INFO o.a.j.t.JMeterThread: Thread finished: Thread Group 1-5
2018-01-31 13:21:40,951 INFO o.a.j.e.StandardJMeterEngine: Notifying test listeners of end of test
2018-01-31 13:21:40,951 INFO o.a.j.s.StandardSampleSender: Test Ended on 18.216.241.104
2018-01-31 13:21:40,989 INFO o.a.j.s.StandardSampleSender: Test Ended on 18.216.241.104
2018-01-31 13:21:41,360 INFO o.a.j.e.StandardJMeterEngine: Test has ended on host 18.216.241.104
